<?xml version="1.0" encoding="UTF-8"?>
<testsuite name="test.java.com.example.util.WhenPerformingTheFourBasicArithmeticOperations$InSubtraction" tests="4" skipped="0" failures="0" errors="0" timestamp="2017-10-05T13:55:24" hostname="kagoshimashinnosukenoMacBook-Pro.local" time="0.017">
  <properties/>
  <testcase name="shouldReturnTheDifferenceOfNumbersWhichAreBigDecimal" classname="test.java.com.example.util.WhenPerformingTheFourBasicArithmeticOperations$InSubtraction" time="0.0"/>
  <testcase name="shouldReturnTheDifferenceOfNumbersWhichAreNumericString" classname="test.java.com.example.util.WhenPerformingTheFourBasicArithmeticOperations$InSubtraction" time="0.0"/>
  <testcase name="shouldReturnTheDifferenceOfNumbersWhichAreBigDecimal" classname="test.java.com.example.util.WhenPerformingTheFourBasicArithmeticOperations$InSubtraction" time="0.0"/>
  <testcase name="shouldReturnTheDifferenceOfNumbersWhichAreNumericString" classname="test.java.com.example.util.WhenPerformingTheFourBasicArithmeticOperations$InSubtraction" time="0.001"/>
  <system-out><![CDATA[]]></system-out>
  <system-err><![CDATA[]]></system-err>
</testsuite>
