<?xml version="1.0" encoding="UTF-8"?>
<testsuite name="test.java.com.example.util.WhenPerformingTheFourBasicArithmeticOperations$InDivision" tests="6" skipped="0" failures="0" errors="0" timestamp="2017-10-05T13:55:24" hostname="kagoshimashinnosukenoMacBook-Pro.local" time="0.018">
  <properties/>
  <testcase name="shouldReturnTheQuotientOfNumbersWhichAreNumericString" classname="test.java.com.example.util.WhenPerformingTheFourBasicArithmeticOperations$InDivision" time="0.0"/>
  <testcase name="shouldReturnTheQuotientOfNumbersWhichAreBigDecimal" classname="test.java.com.example.util.WhenPerformingTheFourBasicArithmeticOperations$InDivision" time="0.0"/>
  <testcase name="shouldThrowExceptionWhenDivisorIsZero" classname="test.java.com.example.util.WhenPerformingTheFourBasicArithmeticOperations$InDivision" time="0.0"/>
  <testcase name="shouldReturnTheQuotientOfNumbersWhichAreNumericString" classname="test.java.com.example.util.WhenPerformingTheFourBasicArithmeticOperations$InDivision" time="0.0"/>
  <testcase name="shouldReturnTheQuotientOfNumbersWhichAreBigDecimal" classname="test.java.com.example.util.WhenPerformingTheFourBasicArithmeticOperations$InDivision" time="0.0"/>
  <testcase name="shouldThrowExceptionWhenDivisorIsZero" classname="test.java.com.example.util.WhenPerformingTheFourBasicArithmeticOperations$InDivision" time="0.0"/>
  <system-out><![CDATA[]]></system-out>
  <system-err><![CDATA[]]></system-err>
</testsuite>
