<?xml version="1.0" encoding="UTF-8"?>
<testsuite name="test.java.com.example.util.WhenPerformingTheFourBasicArithmeticOperations$InAddition" tests="4" skipped="0" failures="0" errors="0" timestamp="2017-10-05T13:55:24" hostname="kagoshimashinnosukenoMacBook-Pro.local" time="0.035">
  <properties/>
  <testcase name="shouldReturnTheSumOfNumbersWhichAreNumericString" classname="test.java.com.example.util.WhenPerformingTheFourBasicArithmeticOperations$InAddition" time="0.005"/>
  <testcase name="shouldReturnTheSumOfNumbersWhichAreBigDecimal" classname="test.java.com.example.util.WhenPerformingTheFourBasicArithmeticOperations$InAddition" time="0.001"/>
  <testcase name="shouldReturnTheSumOfNumbersWhichAreNumericString" classname="test.java.com.example.util.WhenPerformingTheFourBasicArithmeticOperations$InAddition" time="0.001"/>
  <testcase name="shouldReturnTheSumOfNumbersWhichAreBigDecimal" classname="test.java.com.example.util.WhenPerformingTheFourBasicArithmeticOperations$InAddition" time="0.001"/>
  <system-out><![CDATA[]]></system-out>
  <system-err><![CDATA[]]></system-err>
</testsuite>
